in :: i:1 s[i]:cpflj
in :: i:2 s[i]:v
in :: i:3 s[i]:rgbov
in :: i:4 s[i]:kfstwxb
in :: i:5 s[i]:wgraidi
in :: i:6 s[i]:gj
in :: i:7 s[i]:mlkmn
in :: i:8 s[i]:v
in :: i:9 s[i]:jvjgqhk
in :: i:10 s[i]:ngz
in :: i:11 s[i]:anohot
in :: i:12 s[i]:lhsi
in :: i:13 s[i]:pgc
in :: i:14 s[i]:iizrxul
in :: i:15 s[i]:oegxvz
in :: i:16 s[i]:qa
in :: i:17 s[i]:hjsngtjs
in :: i:18 s[i]:fvroazej
in :: i:19 s[i]:tjbrcbzhc
in :: i:20 s[i]:bswqjq
in :: i:21 s[i]:fyev
in :: i:22 s[i]:pi
in :: i:23 s[i]:gqlm
in :: i:24 s[i]:miv
in :: i:25 s[i]:svjppsomgi
in :: i:26 s[i]:lx
in :: i:27 s[i]:f
in :: i:28 s[i]:p
in :: i:29 s[i]:hau
in :: i:30 s[i]:umdei
in :: i:31 s[i]:fyfe
in :: i:32 s[i]:eyh
in :: i:33 s[i]:jkrgw
in :: i:34 s[i]:g
in :: i:35 s[i]:fzhtwezd
in :: i:36 s[i]:b
x:0
p.isleaf:0 p.size:2 p.nextptr:-1
i:0 child[i]:9396 key[i]:cpflj
i:1 child[i]:9280 key[i]:wgraidi

x:9396
p.isleaf:0 p.size:1 p.nextptr:9280
i:0 child[i]:7424 key[i]:cpflj

x:7424
p.isleaf:0 p.size:1 p.nextptr:7308
i:0 child[i]:5800 key[i]:cpflj

x:5800
p.isleaf:0 p.size:1 p.nextptr:5684
i:0 child[i]:4524 key[i]:cpflj

x:4524
p.isleaf:0 p.size:1 p.nextptr:4408
i:0 child[i]:3596 key[i]:cpflj

x:3596
p.isleaf:0 p.size:1 p.nextptr:3480
i:0 child[i]:2552 key[i]:cpflj

x:2552
p.isleaf:0 p.size:1 p.nextptr:2436
i:0 child[i]:1624 key[i]:cpflj

x:1624
p.isleaf:0 p.size:1 p.nextptr:1508
i:0 child[i]:1044 key[i]:cpflj

x:1044
p.isleaf:0 p.size:2 p.nextptr:928
i:0 child[i]:580 key[i]:anohot
i:1 child[i]:11368 key[i]:cpflj

x:580
p.isleaf:0 p.size:1 p.nextptr:11368
i:0 child[i]:232 key[i]:anohot

x:232
p.isleaf:1 p.size:1 p.nextptr:4640
i:0 child[i]:11 key[i]:anohot

x:11368
p.isleaf:0 p.size:2 p.nextptr:464
i:0 child[i]:4640 key[i]:b
i:1 child[i]:11252 key[i]:cpflj

x:4640
p.isleaf:1 p.size:1 p.nextptr:11252
i:0 child[i]:36 key[i]:b

x:11252
p.isleaf:1 p.size:2 p.nextptr:116
i:0 child[i]:20 key[i]:bswqjq
i:1 child[i]:1 key[i]:cpflj

x:9280
p.isleaf:0 p.size:2 p.nextptr:-1
i:0 child[i]:7308 key[i]:kfstwxb
i:1 child[i]:9164 key[i]:wgraidi

x:7308
p.isleaf:0 p.size:1 p.nextptr:9164
i:0 child[i]:5684 key[i]:kfstwxb

x:5684
p.isleaf:0 p.size:1 p.nextptr:7192
i:0 child[i]:4408 key[i]:kfstwxb

x:4408
p.isleaf:0 p.size:1 p.nextptr:5568
i:0 child[i]:3480 key[i]:kfstwxb

x:3480
p.isleaf:0 p.size:2 p.nextptr:4292
i:0 child[i]:2436 key[i]:gj
i:1 child[i]:10324 key[i]:kfstwxb

x:2436
p.isleaf:0 p.size:2 p.nextptr:10324
i:0 child[i]:1508 key[i]:fvroazej
i:1 child[i]:11136 key[i]:gj

x:1508
p.isleaf:0 p.size:1 p.nextptr:11136
i:0 child[i]:928 key[i]:fvroazej

x:928
p.isleaf:0 p.size:1 p.nextptr:10672
i:0 child[i]:464 key[i]:fvroazej

x:464
p.isleaf:0 p.size:2 p.nextptr:9628
i:0 child[i]:116 key[i]:eyh
i:1 child[i]:9744 key[i]:fvroazej

x:116
p.isleaf:1 p.size:1 p.nextptr:9744
i:0 child[i]:32 key[i]:eyh

x:9744
p.isleaf:1 p.size:2 p.nextptr:4756
i:0 child[i]:27 key[i]:f
i:1 child[i]:18 key[i]:fvroazej

x:11136
p.isleaf:0 p.size:2 p.nextptr:8120
i:0 child[i]:10672 key[i]:fyev
i:1 child[i]:11020 key[i]:gj

x:10672
p.isleaf:0 p.size:1 p.nextptr:11020
i:0 child[i]:9628 key[i]:fyev

x:9628
p.isleaf:0 p.size:1 p.nextptr:10556
i:0 child[i]:4756 key[i]:fyev

x:4756
p.isleaf:1 p.size:1 p.nextptr:9512
i:0 child[i]:21 key[i]:fyev

x:11020
p.isleaf:0 p.size:2 p.nextptr:6148
i:0 child[i]:10556 key[i]:fyfe
i:1 child[i]:10904 key[i]:gj

x:10556
p.isleaf:0 p.size:1 p.nextptr:10904
i:0 child[i]:9512 key[i]:fyfe

x:9512
p.isleaf:1 p.size:1 p.nextptr:10440
i:0 child[i]:31 key[i]:fyfe

x:10904
p.isleaf:0 p.size:2 p.nextptr:2784
i:0 child[i]:10440 key[i]:fzhtwezd
i:1 child[i]:10788 key[i]:gj

x:10440
p.isleaf:1 p.size:1 p.nextptr:10788
i:0 child[i]:35 key[i]:fzhtwezd

x:10788
p.isleaf:1 p.size:2 p.nextptr:1740
i:0 child[i]:34 key[i]:g
i:1 child[i]:6 key[i]:gj

x:10324
p.isleaf:0 p.size:2 p.nextptr:3364
i:0 child[i]:8120 key[i]:gqlm
i:1 child[i]:10208 key[i]:kfstwxb

x:8120
p.isleaf:0 p.size:1 p.nextptr:10208
i:0 child[i]:6148 key[i]:gqlm

x:6148
p.isleaf:0 p.size:1 p.nextptr:8004
i:0 child[i]:2784 key[i]:gqlm

x:2784
p.isleaf:0 p.size:1 p.nextptr:6032
i:0 child[i]:1740 key[i]:gqlm

x:1740
p.isleaf:1 p.size:1 p.nextptr:5916
i:0 child[i]:23 key[i]:gqlm

x:10208
p.isleaf:0 p.size:2 p.nextptr:2320
i:0 child[i]:8004 key[i]:hau
i:1 child[i]:10092 key[i]:kfstwxb

x:8004
p.isleaf:0 p.size:1 p.nextptr:10092
i:0 child[i]:6032 key[i]:hau

x:6032
p.isleaf:0 p.size:1 p.nextptr:7888
i:0 child[i]:5916 key[i]:hau

x:5916
p.isleaf:1 p.size:1 p.nextptr:7772
i:0 child[i]:29 key[i]:hau

x:10092
p.isleaf:0 p.size:2 p.nextptr:1392
i:0 child[i]:7888 key[i]:iizrxul
i:1 child[i]:9976 key[i]:kfstwxb

x:7888
p.isleaf:0 p.size:1 p.nextptr:9976
i:0 child[i]:7772 key[i]:iizrxul

x:7772
p.isleaf:1 p.size:2 p.nextptr:2668
i:0 child[i]:17 key[i]:hjsngtjs
i:1 child[i]:14 key[i]:iizrxul

x:9976
p.isleaf:0 p.size:2 p.nextptr:812
i:0 child[i]:2668 key[i]:jkrgw
i:1 child[i]:9860 key[i]:kfstwxb

x:2668
p.isleaf:1 p.size:1 p.nextptr:9860
i:0 child[i]:33 key[i]:jkrgw

x:9860
p.isleaf:1 p.size:2 p.nextptr:348
i:0 child[i]:9 key[i]:jvjgqhk
i:1 child[i]:4 key[i]:kfstwxb

x:9164
p.isleaf:0 p.size:2 p.nextptr:-1
i:0 child[i]:7192 key[i]:mlkmn
i:1 child[i]:9048 key[i]:wgraidi

x:7192
p.isleaf:0 p.size:1 p.nextptr:9048
i:0 child[i]:5568 key[i]:mlkmn

x:5568
p.isleaf:0 p.size:1 p.nextptr:7076
i:0 child[i]:4292 key[i]:mlkmn

x:4292
p.isleaf:0 p.size:1 p.nextptr:5452
i:0 child[i]:3364 key[i]:mlkmn

x:3364
p.isleaf:0 p.size:1 p.nextptr:4176
i:0 child[i]:2320 key[i]:mlkmn

x:2320
p.isleaf:0 p.size:1 p.nextptr:3248
i:0 child[i]:1392 key[i]:mlkmn

x:1392
p.isleaf:0 p.size:2 p.nextptr:2204
i:0 child[i]:812 key[i]:lhsi
i:1 child[i]:7656 key[i]:mlkmn

x:812
p.isleaf:0 p.size:1 p.nextptr:7656
i:0 child[i]:348 key[i]:lhsi

x:348
p.isleaf:1 p.size:1 p.nextptr:6264
i:0 child[i]:12 key[i]:lhsi

x:7656
p.isleaf:0 p.size:2 p.nextptr:2088
i:0 child[i]:6264 key[i]:lx
i:1 child[i]:7540 key[i]:mlkmn

x:6264
p.isleaf:1 p.size:1 p.nextptr:7540
i:0 child[i]:26 key[i]:lx

x:7540
p.isleaf:1 p.size:2 p.nextptr:1856
i:0 child[i]:24 key[i]:miv
i:1 child[i]:7 key[i]:mlkmn

x:9048
p.isleaf:0 p.size:2 p.nextptr:-1
i:0 child[i]:7076 key[i]:ngz
i:1 child[i]:8932 key[i]:wgraidi

x:7076
p.isleaf:0 p.size:1 p.nextptr:8932
i:0 child[i]:5452 key[i]:ngz

x:5452
p.isleaf:0 p.size:1 p.nextptr:6960
i:0 child[i]:4176 key[i]:ngz

x:4176
p.isleaf:0 p.size:1 p.nextptr:5336
i:0 child[i]:3248 key[i]:ngz

x:3248
p.isleaf:0 p.size:1 p.nextptr:4060
i:0 child[i]:2204 key[i]:ngz

x:2204
p.isleaf:0 p.size:1 p.nextptr:3132
i:0 child[i]:2088 key[i]:ngz

x:2088
p.isleaf:0 p.size:1 p.nextptr:3016
i:0 child[i]:1856 key[i]:ngz

x:1856
p.isleaf:1 p.size:1 p.nextptr:1972
i:0 child[i]:10 key[i]:ngz

x:8932
p.isleaf:0 p.size:2 p.nextptr:-1
i:0 child[i]:6960 key[i]:oegxvz
i:1 child[i]:8816 key[i]:wgraidi

x:6960
p.isleaf:0 p.size:1 p.nextptr:8816
i:0 child[i]:5336 key[i]:oegxvz

x:5336
p.isleaf:0 p.size:1 p.nextptr:6844
i:0 child[i]:4060 key[i]:oegxvz

x:4060
p.isleaf:0 p.size:1 p.nextptr:5220
i:0 child[i]:3132 key[i]:oegxvz

x:3132
p.isleaf:0 p.size:1 p.nextptr:3944
i:0 child[i]:3016 key[i]:oegxvz

x:3016
p.isleaf:0 p.size:1 p.nextptr:3828
i:0 child[i]:1972 key[i]:oegxvz

x:1972
p.isleaf:1 p.size:1 p.nextptr:2900
i:0 child[i]:15 key[i]:oegxvz

x:8816
p.isleaf:0 p.size:2 p.nextptr:-1
i:0 child[i]:6844 key[i]:pgc
i:1 child[i]:8700 key[i]:wgraidi

x:6844
p.isleaf:0 p.size:1 p.nextptr:8700
i:0 child[i]:5220 key[i]:pgc

x:5220
p.isleaf:0 p.size:1 p.nextptr:6728
i:0 child[i]:3944 key[i]:pgc

x:3944
p.isleaf:0 p.size:1 p.nextptr:5104
i:0 child[i]:3828 key[i]:pgc

x:3828
p.isleaf:0 p.size:1 p.nextptr:4988
i:0 child[i]:2900 key[i]:pgc

x:2900
p.isleaf:1 p.size:2 p.nextptr:3712
i:0 child[i]:28 key[i]:p
i:1 child[i]:13 key[i]:pgc

x:8700
p.isleaf:0 p.size:2 p.nextptr:-1
i:0 child[i]:6728 key[i]:rgbov
i:1 child[i]:8584 key[i]:wgraidi

x:6728
p.isleaf:0 p.size:1 p.nextptr:8584
i:0 child[i]:5104 key[i]:rgbov

x:5104
p.isleaf:0 p.size:1 p.nextptr:6612
i:0 child[i]:4988 key[i]:rgbov

x:4988
p.isleaf:0 p.size:2 p.nextptr:1276
i:0 child[i]:3712 key[i]:pi
i:1 child[i]:4872 key[i]:rgbov

x:3712
p.isleaf:1 p.size:1 p.nextptr:4872
i:0 child[i]:22 key[i]:pi

x:4872
p.isleaf:1 p.size:2 p.nextptr:696
i:0 child[i]:16 key[i]:qa
i:1 child[i]:3 key[i]:rgbov

x:8584
p.isleaf:0 p.size:2 p.nextptr:-1
i:0 child[i]:6612 key[i]:svjppsomgi
i:1 child[i]:8468 key[i]:wgraidi

x:6612
p.isleaf:0 p.size:1 p.nextptr:8468
i:0 child[i]:1276 key[i]:svjppsomgi

x:1276
p.isleaf:0 p.size:1 p.nextptr:6496
i:0 child[i]:696 key[i]:svjppsomgi

x:696
p.isleaf:1 p.size:1 p.nextptr:6380
i:0 child[i]:25 key[i]:svjppsomgi

x:8468
p.isleaf:0 p.size:2 p.nextptr:-1
i:0 child[i]:6496 key[i]:tjbrcbzhc
i:1 child[i]:8352 key[i]:wgraidi

x:6496
p.isleaf:0 p.size:1 p.nextptr:8352
i:0 child[i]:6380 key[i]:tjbrcbzhc

x:6380
p.isleaf:1 p.size:1 p.nextptr:8236
i:0 child[i]:19 key[i]:tjbrcbzhc

x:8352
p.isleaf:0 p.size:2 p.nextptr:-1
i:0 child[i]:8236 key[i]:v
i:1 child[i]:1160 key[i]:wgraidi

x:8236
p.isleaf:1 p.size:2 p.nextptr:1160
i:0 child[i]:30 key[i]:umdei
i:1 child[i]:8 key[i]:v

x:1160
p.isleaf:1 p.size:2 p.nextptr:-1
i:0 child[i]:2 key[i]:v
i:1 child[i]:5 key[i]:wgraidi

in :: i:37 s[i]:vw
x:0
p.isleaf:0 p.size:2 p.nextptr:-1
i:0 child[i]:12760 key[i]:cpflj
i:1 child[i]:12644 key[i]:wgraidi

x:12760
p.isleaf:0 p.size:1 p.nextptr:12644
i:0 child[i]:9396 key[i]:cpflj

x:9396
p.isleaf:0 p.size:1 p.nextptr:9280
i:0 child[i]:7424 key[i]:cpflj

x:7424
p.isleaf:0 p.size:1 p.nextptr:7308
i:0 child[i]:5800 key[i]:cpflj

x:5800
p.isleaf:0 p.size:1 p.nextptr:5684
i:0 child[i]:4524 key[i]:cpflj

x:4524
p.isleaf:0 p.size:1 p.nextptr:4408
i:0 child[i]:3596 key[i]:cpflj

x:3596
p.isleaf:0 p.size:1 p.nextptr:3480
i:0 child[i]:2552 key[i]:cpflj

x:2552
p.isleaf:0 p.size:1 p.nextptr:2436
i:0 child[i]:1624 key[i]:cpflj

x:1624
p.isleaf:0 p.size:1 p.nextptr:1508
i:0 child[i]:1044 key[i]:cpflj

x:1044
p.isleaf:0 p.size:2 p.nextptr:928
i:0 child[i]:580 key[i]:anohot
i:1 child[i]:11368 key[i]:cpflj

x:580
p.isleaf:0 p.size:1 p.nextptr:11368
i:0 child[i]:232 key[i]:anohot

x:232
p.isleaf:1 p.size:1 p.nextptr:4640
i:0 child[i]:11 key[i]:anohot

x:11368
p.isleaf:0 p.size:2 p.nextptr:464
i:0 child[i]:4640 key[i]:b
i:1 child[i]:11252 key[i]:cpflj

x:4640
p.isleaf:1 p.size:1 p.nextptr:11252
i:0 child[i]:36 key[i]:b

x:11252
p.isleaf:1 p.size:2 p.nextptr:116
i:0 child[i]:20 key[i]:bswqjq
i:1 child[i]:1 key[i]:cpflj

x:12644
p.isleaf:0 p.size:2 p.nextptr:-1
i:0 child[i]:9280 key[i]:kfstwxb
i:1 child[i]:12528 key[i]:wgraidi

x:9280
p.isleaf:0 p.size:1 p.nextptr:12528
i:0 child[i]:7308 key[i]:kfstwxb

x:7308
p.isleaf:0 p.size:1 p.nextptr:9164
i:0 child[i]:5684 key[i]:kfstwxb

x:5684
p.isleaf:0 p.size:1 p.nextptr:7192
i:0 child[i]:4408 key[i]:kfstwxb

x:4408
p.isleaf:0 p.size:1 p.nextptr:5568
i:0 child[i]:3480 key[i]:kfstwxb

x:3480
p.isleaf:0 p.size:2 p.nextptr:4292
i:0 child[i]:2436 key[i]:gj
i:1 child[i]:10324 key[i]:kfstwxb

x:2436
p.isleaf:0 p.size:2 p.nextptr:10324
i:0 child[i]:1508 key[i]:fvroazej
i:1 child[i]:11136 key[i]:gj

x:1508
p.isleaf:0 p.size:1 p.nextptr:11136
i:0 child[i]:928 key[i]:fvroazej

x:928
p.isleaf:0 p.size:1 p.nextptr:10672
i:0 child[i]:464 key[i]:fvroazej

x:464
p.isleaf:0 p.size:2 p.nextptr:9628
i:0 child[i]:116 key[i]:eyh
i:1 child[i]:9744 key[i]:fvroazej

x:116
p.isleaf:1 p.size:1 p.nextptr:9744
i:0 child[i]:32 key[i]:eyh

x:9744
p.isleaf:1 p.size:2 p.nextptr:4756
i:0 child[i]:27 key[i]:f
i:1 child[i]:18 key[i]:fvroazej

x:11136
p.isleaf:0 p.size:2 p.nextptr:8120
i:0 child[i]:10672 key[i]:fyev
i:1 child[i]:11020 key[i]:gj

x:10672
p.isleaf:0 p.size:1 p.nextptr:11020
i:0 child[i]:9628 key[i]:fyev

x:9628
p.isleaf:0 p.size:1 p.nextptr:10556
i:0 child[i]:4756 key[i]:fyev

x:4756
p.isleaf:1 p.size:1 p.nextptr:9512
i:0 child[i]:21 key[i]:fyev

x:11020
p.isleaf:0 p.size:2 p.nextptr:6148
i:0 child[i]:10556 key[i]:fyfe
i:1 child[i]:10904 key[i]:gj

x:10556
p.isleaf:0 p.size:1 p.nextptr:10904
i:0 child[i]:9512 key[i]:fyfe

x:9512
p.isleaf:1 p.size:1 p.nextptr:10440
i:0 child[i]:31 key[i]:fyfe

x:10904
p.isleaf:0 p.size:2 p.nextptr:2784
i:0 child[i]:10440 key[i]:fzhtwezd
i:1 child[i]:10788 key[i]:gj

x:10440
p.isleaf:1 p.size:1 p.nextptr:10788
i:0 child[i]:35 key[i]:fzhtwezd

x:10788
p.isleaf:1 p.size:2 p.nextptr:1740
i:0 child[i]:34 key[i]:g
i:1 child[i]:6 key[i]:gj

x:10324
p.isleaf:0 p.size:2 p.nextptr:3364
i:0 child[i]:8120 key[i]:gqlm
i:1 child[i]:10208 key[i]:kfstwxb

x:8120
p.isleaf:0 p.size:1 p.nextptr:10208
i:0 child[i]:6148 key[i]:gqlm

x:6148
p.isleaf:0 p.size:1 p.nextptr:8004
i:0 child[i]:2784 key[i]:gqlm

x:2784
p.isleaf:0 p.size:1 p.nextptr:6032
i:0 child[i]:1740 key[i]:gqlm

x:1740
p.isleaf:1 p.size:1 p.nextptr:5916
i:0 child[i]:23 key[i]:gqlm

x:10208
p.isleaf:0 p.size:2 p.nextptr:2320
i:0 child[i]:8004 key[i]:hau
i:1 child[i]:10092 key[i]:kfstwxb

x:8004
p.isleaf:0 p.size:1 p.nextptr:10092
i:0 child[i]:6032 key[i]:hau

x:6032
p.isleaf:0 p.size:1 p.nextptr:7888
i:0 child[i]:5916 key[i]:hau

x:5916
p.isleaf:1 p.size:1 p.nextptr:7772
i:0 child[i]:29 key[i]:hau

x:10092
p.isleaf:0 p.size:2 p.nextptr:1392
i:0 child[i]:7888 key[i]:iizrxul
i:1 child[i]:9976 key[i]:kfstwxb

x:7888
p.isleaf:0 p.size:1 p.nextptr:9976
i:0 child[i]:7772 key[i]:iizrxul

x:7772
p.isleaf:1 p.size:2 p.nextptr:2668
i:0 child[i]:17 key[i]:hjsngtjs
i:1 child[i]:14 key[i]:iizrxul

x:9976
p.isleaf:0 p.size:2 p.nextptr:812
i:0 child[i]:2668 key[i]:jkrgw
i:1 child[i]:9860 key[i]:kfstwxb

x:2668
p.isleaf:1 p.size:1 p.nextptr:9860
i:0 child[i]:33 key[i]:jkrgw

x:9860
p.isleaf:1 p.size:2 p.nextptr:348
i:0 child[i]:9 key[i]:jvjgqhk
i:1 child[i]:4 key[i]:kfstwxb

x:12528
p.isleaf:0 p.size:2 p.nextptr:-1
i:0 child[i]:9164 key[i]:mlkmn
i:1 child[i]:12412 key[i]:wgraidi

x:9164
p.isleaf:0 p.size:1 p.nextptr:12412
i:0 child[i]:7192 key[i]:mlkmn

x:7192
p.isleaf:0 p.size:1 p.nextptr:9048
i:0 child[i]:5568 key[i]:mlkmn

x:5568
p.isleaf:0 p.size:1 p.nextptr:7076
i:0 child[i]:4292 key[i]:mlkmn

x:4292
p.isleaf:0 p.size:1 p.nextptr:5452
i:0 child[i]:3364 key[i]:mlkmn

x:3364
p.isleaf:0 p.size:1 p.nextptr:4176
i:0 child[i]:2320 key[i]:mlkmn

x:2320
p.isleaf:0 p.size:1 p.nextptr:3248
i:0 child[i]:1392 key[i]:mlkmn

x:1392
p.isleaf:0 p.size:2 p.nextptr:2204
i:0 child[i]:812 key[i]:lhsi
i:1 child[i]:7656 key[i]:mlkmn

x:812
p.isleaf:0 p.size:1 p.nextptr:7656
i:0 child[i]:348 key[i]:lhsi

x:348
p.isleaf:1 p.size:1 p.nextptr:6264
i:0 child[i]:12 key[i]:lhsi

x:7656
p.isleaf:0 p.size:2 p.nextptr:2088
i:0 child[i]:6264 key[i]:lx
i:1 child[i]:7540 key[i]:mlkmn

x:6264
p.isleaf:1 p.size:1 p.nextptr:7540
i:0 child[i]:26 key[i]:lx

x:7540
p.isleaf:1 p.size:2 p.nextptr:1856
i:0 child[i]:24 key[i]:miv
i:1 child[i]:7 key[i]:mlkmn

x:12412
p.isleaf:0 p.size:2 p.nextptr:-1
i:0 child[i]:9048 key[i]:ngz
i:1 child[i]:12296 key[i]:wgraidi

x:9048
p.isleaf:0 p.size:1 p.nextptr:12296
i:0 child[i]:7076 key[i]:ngz

x:7076
p.isleaf:0 p.size:1 p.nextptr:8932
i:0 child[i]:5452 key[i]:ngz

x:5452
p.isleaf:0 p.size:1 p.nextptr:6960
i:0 child[i]:4176 key[i]:ngz

x:4176
p.isleaf:0 p.size:1 p.nextptr:5336
i:0 child[i]:3248 key[i]:ngz

x:3248
p.isleaf:0 p.size:1 p.nextptr:4060
i:0 child[i]:2204 key[i]:ngz

x:2204
p.isleaf:0 p.size:1 p.nextptr:3132
i:0 child[i]:2088 key[i]:ngz

x:2088
p.isleaf:0 p.size:1 p.nextptr:3016
i:0 child[i]:1856 key[i]:ngz

x:1856
p.isleaf:1 p.size:1 p.nextptr:1972
i:0 child[i]:10 key[i]:ngz

x:12296
p.isleaf:0 p.size:2 p.nextptr:-1
i:0 child[i]:8932 key[i]:oegxvz
i:1 child[i]:12180 key[i]:wgraidi

x:8932
p.isleaf:0 p.size:1 p.nextptr:12180
i:0 child[i]:6960 key[i]:oegxvz

x:6960
p.isleaf:0 p.size:1 p.nextptr:8816
i:0 child[i]:5336 key[i]:oegxvz

x:5336
p.isleaf:0 p.size:1 p.nextptr:6844
i:0 child[i]:4060 key[i]:oegxvz

x:4060
p.isleaf:0 p.size:1 p.nextptr:5220
i:0 child[i]:3132 key[i]:oegxvz

x:3132
p.isleaf:0 p.size:1 p.nextptr:3944
i:0 child[i]:3016 key[i]:oegxvz

x:3016
p.isleaf:0 p.size:1 p.nextptr:3828
i:0 child[i]:1972 key[i]:oegxvz

x:1972
p.isleaf:1 p.size:1 p.nextptr:2900
i:0 child[i]:15 key[i]:oegxvz

x:12180
p.isleaf:0 p.size:2 p.nextptr:-1
i:0 child[i]:8816 key[i]:pgc
i:1 child[i]:12064 key[i]:wgraidi

x:8816
p.isleaf:0 p.size:1 p.nextptr:12064
i:0 child[i]:6844 key[i]:pgc

x:6844
p.isleaf:0 p.size:1 p.nextptr:8700
i:0 child[i]:5220 key[i]:pgc

x:5220
p.isleaf:0 p.size:1 p.nextptr:6728
i:0 child[i]:3944 key[i]:pgc

x:3944
p.isleaf:0 p.size:1 p.nextptr:5104
i:0 child[i]:3828 key[i]:pgc

x:3828
p.isleaf:0 p.size:1 p.nextptr:4988
i:0 child[i]:2900 key[i]:pgc

x:2900
p.isleaf:1 p.size:2 p.nextptr:3712
i:0 child[i]:28 key[i]:p
i:1 child[i]:13 key[i]:pgc

x:12064
p.isleaf:0 p.size:2 p.nextptr:-1
i:0 child[i]:8700 key[i]:rgbov
i:1 child[i]:11948 key[i]:wgraidi

x:8700
p.isleaf:0 p.size:1 p.nextptr:11948
i:0 child[i]:6728 key[i]:rgbov

x:6728
p.isleaf:0 p.size:1 p.nextptr:8584
i:0 child[i]:5104 key[i]:rgbov

x:5104
p.isleaf:0 p.size:1 p.nextptr:6612
i:0 child[i]:4988 key[i]:rgbov

x:4988
p.isleaf:0 p.size:2 p.nextptr:1276
i:0 child[i]:3712 key[i]:pi
i:1 child[i]:4872 key[i]:rgbov

x:3712
p.isleaf:1 p.size:1 p.nextptr:4872
i:0 child[i]:22 key[i]:pi

x:4872
p.isleaf:1 p.size:2 p.nextptr:696
i:0 child[i]:16 key[i]:qa
i:1 child[i]:3 key[i]:rgbov

x:11948
p.isleaf:0 p.size:2 p.nextptr:-1
i:0 child[i]:8584 key[i]:svjppsomgi
i:1 child[i]:11832 key[i]:wgraidi

x:8584
p.isleaf:0 p.size:1 p.nextptr:11832
i:0 child[i]:6612 key[i]:svjppsomgi

x:6612
p.isleaf:0 p.size:1 p.nextptr:8468
i:0 child[i]:1276 key[i]:svjppsomgi

x:1276
p.isleaf:0 p.size:1 p.nextptr:6496
i:0 child[i]:696 key[i]:svjppsomgi

x:696
p.isleaf:1 p.size:1 p.nextptr:6380
i:0 child[i]:25 key[i]:svjppsomgi

x:11832
p.isleaf:0 p.size:2 p.nextptr:-1
i:0 child[i]:8468 key[i]:tjbrcbzhc
i:1 child[i]:11716 key[i]:wgraidi

x:8468
p.isleaf:0 p.size:1 p.nextptr:11716
i:0 child[i]:6496 key[i]:tjbrcbzhc

x:6496
p.isleaf:0 p.size:1 p.nextptr:8352
i:0 child[i]:6380 key[i]:tjbrcbzhc

x:6380
p.isleaf:1 p.size:1 p.nextptr:8236
i:0 child[i]:19 key[i]:tjbrcbzhc

x:11716
p.isleaf:0 p.size:2 p.nextptr:-1
i:0 child[i]:8352 key[i]:v
i:1 child[i]:11600 key[i]:wgraidi

x:8352
p.isleaf:0 p.size:1 p.nextptr:11600
i:0 child[i]:1160 key[i]:v

x:1160
p.isleaf:1 p.size:1 p.nextptr:11484
i:0 child[i]:2 key[i]:v

x:11600
p.isleaf:0 p.size:2 p.nextptr:-1
i:0 child[i]:11484 key[i]:wgraidi
i:1 child[i]:1160 key[i]:wgraidi

x:11484
p.isleaf:1 p.size:2 p.nextptr:-1
i:0 child[i]:37 key[i]:vw
i:1 child[i]:5 key[i]:wgraidi

x:1160
p.isleaf:1 p.size:1 p.nextptr:11484
i:0 child[i]:2 key[i]:v

umdei
x:0
p.isleaf:0 p.size:2 p.nextptr:-1
i:0 child[i]:12760 key[i]:cpflj
i:1 child[i]:12644 key[i]:wgraidi

x:12644
p.isleaf:0 p.size:2 p.nextptr:-1
i:0 child[i]:9280 key[i]:kfstwxb
i:1 child[i]:12528 key[i]:wgraidi

x:12528
p.isleaf:0 p.size:2 p.nextptr:-1
i:0 child[i]:9164 key[i]:mlkmn
i:1 child[i]:12412 key[i]:wgraidi

x:12412
p.isleaf:0 p.size:2 p.nextptr:-1
i:0 child[i]:9048 key[i]:ngz
i:1 child[i]:12296 key[i]:wgraidi

x:12296
p.isleaf:0 p.size:2 p.nextptr:-1
i:0 child[i]:8932 key[i]:oegxvz
i:1 child[i]:12180 key[i]:wgraidi

x:12180
p.isleaf:0 p.size:2 p.nextptr:-1
i:0 child[i]:8816 key[i]:pgc
i:1 child[i]:12064 key[i]:wgraidi

x:12064
p.isleaf:0 p.size:2 p.nextptr:-1
i:0 child[i]:8700 key[i]:rgbov
i:1 child[i]:11948 key[i]:wgraidi

x:11948
p.isleaf:0 p.size:2 p.nextptr:-1
i:0 child[i]:8584 key[i]:svjppsomgi
i:1 child[i]:11832 key[i]:wgraidi

x:11832
p.isleaf:0 p.size:2 p.nextptr:-1
i:0 child[i]:8468 key[i]:tjbrcbzhc
i:1 child[i]:11716 key[i]:wgraidi

x:11716
p.isleaf:0 p.size:2 p.nextptr:-1
i:0 child[i]:8352 key[i]:v
i:1 child[i]:11600 key[i]:wgraidi

x:8352
p.isleaf:0 p.size:1 p.nextptr:11600
i:0 child[i]:1160 key[i]:v

x:1160
p.isleaf:1 p.size:1 p.nextptr:11484
i:0 child[i]:2 key[i]:v

-1
AC
