Invalid
Invalid
Invalid
Invalid
Invalid
Invalid
Invalid
Invalid
Invalid
Invalid
978-0-88211-570-2	category	AmandaDean	frigate|hiatus|Syria	311.12	0
978-1-261-59338-8	Methuselah	RavenHancock	hiatus|grandniece|incessant|tulle|Syria	250.79	0
Invalid
Invalid
978-0-88211-570-2	category	AmandaDean	frigate|hiatus|Syria	311.12	0
978-1-261-59338-8	Methuselah	RavenHancock	hiatus|grandniece|incessant|tulle|Syria	250.79	0
Invalid
Invalid

Invalid
Invalid
Invalid
Invalid
Invalid
Invalid
Invalid
Invalid
Invalid
Invalid
Invalid
978-1-72026-968-7	contradistinguish	JonathanAdams	grandniece|tulle	358.04	3
Invalid
Invalid
Invalid
Invalid
Invalid
Invalid
Invalid
Invalid

Invalid
Invalid
Invalid
Invalid
Invalid
Invalid
978-0-601-41528-1	salaam	MckenzieWhite	hiatus	351.99	2
978-1-72026-968-7	contradistinguish	JonathanAdams	grandniece|tulle	358.04	3
Invalid
Invalid
